生成启动时间为 2014/9/15 0:36:45。
     1>项目“F:\git_MyProject\cocos\OurProject\cocos2d\cocos\2d\cocos2d.vcxproj”在节点 2 上(Build 个目标)。
     1>PreLinkEvent:
         if not exist "F:\git_MyProject\cocos\OurProject\proj.win32\Debug.win32\" mkdir "F:\git_MyProject\cocos\OurProject\proj.win32\Debug.win32\"
         xcopy /Y /Q "F:\git_MyProject\cocos\OurProject\cocos2d\cocos\2d\..\..\external\freetype2\prebuilt\win32\*.*" "F:\git_MyProject\cocos\OurProject\proj.win32\Debug.win32\"
         xcopy /Y /Q "F:\git_MyProject\cocos\OurProject\cocos2d\cocos\2d\..\..\external\glfw3\prebuilt\win32\*.*" "F:\git_MyProject\cocos\OurProject\proj.win32\Debug.win32\"
         xcopy /Y /Q "F:\git_MyProject\cocos\OurProject\cocos2d\cocos\2d\..\..\external\curl\prebuilt\win32\*.*" "F:\git_MyProject\cocos\OurProject\proj.win32\Debug.win32\"
         xcopy /Y /Q "F:\git_MyProject\cocos\OurProject\cocos2d\cocos\2d\..\..\external\jpeg\prebuilt\win32\*.*" "F:\git_MyProject\cocos\OurProject\proj.win32\Debug.win32\"
         xcopy /Y /Q "F:\git_MyProject\cocos\OurProject\cocos2d\cocos\2d\..\..\external\png\prebuilt\win32\*.*" "F:\git_MyProject\cocos\OurProject\proj.win32\Debug.win32\"
         xcopy /Y /Q "F:\git_MyProject\cocos\OurProject\cocos2d\cocos\2d\..\..\external\tiff\prebuilt\win32\*.*" "F:\git_MyProject\cocos\OurProject\proj.win32\Debug.win32\"
         xcopy /Y /Q "F:\git_MyProject\cocos\OurProject\cocos2d\cocos\2d\..\..\external\webp\prebuilt\win32\*.*" "F:\git_MyProject\cocos\OurProject\proj.win32\Debug.win32\"
         xcopy /Y /Q "F:\git_MyProject\cocos\OurProject\cocos2d\cocos\2d\..\..\external\win32-specific\zlib\prebuilt\*.*" "F:\git_MyProject\cocos\OurProject\proj.win32\Debug.win32\"
         xcopy /Y /Q "F:\git_MyProject\cocos\OurProject\cocos2d\cocos\2d\..\..\external\win32-specific\icon\prebuilt\*.*" "F:\git_MyProject\cocos\OurProject\proj.win32\Debug.win32\"
         xcopy /Y /Q "F:\git_MyProject\cocos\OurProject\cocos2d\cocos\2d\..\..\external\win32-specific\gles\prebuilt\*.*" "F:\git_MyProject\cocos\OurProject\proj.win32\Debug.win32\"
         
         :VCEnd
         复制了 1 个文件
         复制了 1 个文件
         复制了 2 个文件
         复制了 1 个文件
         复制了 1 个文件
         复制了 2 个文件
         复制了 1 个文件
         复制了 2 个文件
         复制了 2 个文件
         复制了 2 个文件
       Lib:
         C:\Program Files\Microsoft Visual Studio 12.0\VC\bin\Lib.exe /OUT:"F:\git_MyProject\cocos\OurProject\proj.win32\Debug.win32\libcocos2d.lib" /NOLOGO Debug.win32\edtaa3func.obj
         Debug.win32\tinyxml2.obj
         Debug.win32\ioapi.obj
         Debug.win32\unzip.obj
         Debug.win32\xxhash.obj
         Debug.win32\atitc.obj
         Debug.win32\CCAffineTransform.obj
         Debug.win32\CCAutoreleasePool.obj
         Debug.win32\CCConsole.obj
         Debug.win32\CCData.obj
         Debug.win32\CCDataVisitor.obj
         Debug.win32\CCGeometry.obj
         Debug.win32\CCNS.obj
         Debug.win32\CCRef.obj
         Debug.win32\CCValue.obj
         Debug.win32\etc1.obj
         Debug.win32\s3tc.obj
         Debug.win32\CCArray.obj
         Debug.win32\CCDeprecated.obj
         Debug.win32\CCDictionary.obj
         Debug.win32\CCNotificationCenter.obj
         Debug.win32\CCSet.obj
         Debug.win32\CCString.obj
         Debug.win32\aabb.obj
         Debug.win32\mat4stack.obj
         Debug.win32\matrix.obj
         Debug.win32\mat3.obj
         Debug.win32\mat4.obj
         Debug.win32\neon_matrix_impl.obj
         Debug.win32\plane.obj
         Debug.win32\quaternion.obj
         Debug.win32\ray2.obj
         Debug.win32\ray3.obj
         Debug.win32\utility.obj
         Debug.win32\vec2.obj
         Debug.win32\vec3.obj
         Debug.win32\vec4.obj
         Debug.win32\CCPhysicsBody.obj
         Debug.win32\CCPhysicsContact.obj
         Debug.win32\CCPhysicsJoint.obj
         Debug.win32\CCPhysicsShape.obj
         Debug.win32\CCPhysicsWorld.obj
         Debug.win32\CCPhysicsBodyInfo_chipmunk.obj
         Debug.win32\CCPhysicsContactInfo_chipmunk.obj
         Debug.win32\CCPhysicsJointInfo_chipmunk.obj
         Debug.win32\CCPhysicsShapeInfo_chipmunk.obj
         Debug.win32\CCPhysicsWorldInfo_chipmunk.obj
         Debug.win32\base64.obj
         Debug.win32\CCAction.obj
         Debug.win32\CCActionCamera.obj
         Debug.win32\CCActionCatmullRom.obj
         Debug.win32\CCActionEase.obj
         Debug.win32\CCActionGrid.obj
         Debug.win32\CCActionGrid3D.obj
         Debug.win32\CCActionInstant.obj
         Debug.win32\CCActionInterval.obj
         Debug.win32\CCActionManager.obj
         Debug.win32\CCActionPageTurn3D.obj
         Debug.win32\CCActionProgressTimer.obj
         Debug.win32\CCActionTiledGrid.obj
         Debug.win32\CCActionTween.obj
         Debug.win32\CCAnimation.obj
         Debug.win32\CCAnimationCache.obj
         Debug.win32\CCAtlasNode.obj
         Debug.win32\ccCArray.obj
         Debug.win32\CCClippingNode.obj
         Debug.win32\CCComponent.obj
         Debug.win32\CCComponentContainer.obj
         Debug.win32\CCConfiguration.obj
         Debug.win32\CCDirector.obj
         Debug.win32\CCDrawingPrimitives.obj
         Debug.win32\CCDrawNode.obj
         Debug.win32\CCEvent.obj
         Debug.win32\CCEventAcceleration.obj
         Debug.win32\CCEventCustom.obj
         Debug.win32\CCEventDispatcher.obj
         Debug.win32\CCEventKeyboard.obj
         Debug.win32\CCEventListener.obj
         Debug.win32\CCEventListenerAcceleration.obj
         Debug.win32\CCEventListenerCustom.obj
         Debug.win32\CCEventListenerKeyboard.obj
         Debug.win32\CCEventListenerMouse.obj
         Debug.win32\CCEventListenerTouch.obj
         Debug.win32\CCEventMouse.obj
         Debug.win32\CCEventTouch.obj
         Debug.win32\CCFont.obj
         Debug.win32\CCFontAtlas.obj
         Debug.win32\CCFontAtlasCache.obj
         Debug.win32\CCFontCharMap.obj
         Debug.win32\CCFontFNT.obj
         Debug.win32\CCFontFreeType.obj
         Debug.win32\ccFPSImages.obj
         Debug.win32\CCGLProgram.obj
         Debug.win32\ccGLStateCache.obj
         Debug.win32\CCGrabber.obj
         Debug.win32\CCGrid.obj
         Debug.win32\CCNodeGrid.obj
         Debug.win32\CCIMEDispatcher.obj
         Debug.win32\CCLabel.obj
         Debug.win32\CCLabelAtlas.obj
         Debug.win32\CCLabelBMFont.obj
         Debug.win32\CCLabelTextFormatter.obj
         Debug.win32\CCLabelTTF.obj
         Debug.win32\CCLayer.obj
         Debug.win32\CCMenu.obj
         Debug.win32\CCMenuItem.obj
         Debug.win32\CCMotionStreak.obj
         Debug.win32\CCNode.obj
         Debug.win32\CCParallaxNode.obj
         Debug.win32\CCParticleBatchNode.obj
         Debug.win32\CCParticleExamples.obj
         Debug.win32\CCParticleSystem.obj
         Debug.win32\CCParticleSystemQuad.obj
         Debug.win32\CCProfiling.obj
         Debug.win32\CCProgressTimer.obj
         Debug.win32\CCRenderTexture.obj
         Debug.win32\CCScene.obj
         Debug.win32\CCScheduler.obj
         Debug.win32\CCScriptSupport.obj
         Debug.win32\CCShaderCache.obj
         Debug.win32\ccShaders.obj
         Debug.win32\CCSprite.obj
         Debug.win32\CCSpriteBatchNode.obj
         Debug.win32\CCSpriteFrame.obj
         Debug.win32\CCSpriteFrameCache.obj
         Debug.win32\CCTextFieldTTF.obj
         Debug.win32\CCTexture2D.obj
         Debug.win32\CCTextureAtlas.obj
         Debug.win32\CCTextureCache.obj
         Debug.win32\CCTileMapAtlas.obj
         Debug.win32\CCTMXLayer.obj
         Debug.win32\CCTMXObjectGroup.obj
         Debug.win32\CCTMXTiledMap.obj
         Debug.win32\CCTMXXMLParser.obj
         Debug.win32\CCTouch.obj
         Debug.win32\CCTransition.obj
         Debug.win32\CCTransitionPageTurn.obj
         Debug.win32\CCTransitionProgress.obj
         Debug.win32\ccTypes.obj
         Debug.win32\CCTweenFunction.obj
         Debug.win32\CCUserDefault.obj
         Debug.win32\ccUTF8.obj
         Debug.win32\ccUtils.obj
         Debug.win32\CCVertex.obj
         Debug.win32\cocos2d.obj
         Debug.win32\CCGLViewProtocol.obj
         Debug.win32\CCFileUtils.obj
         Debug.win32\CCImage.obj
         Debug.win32\CCSAXParser.obj
         Debug.win32\CCThread.obj
         Debug.win32\CCGLView.obj
         Debug.win32\CCApplication.obj
         Debug.win32\CCCommon.obj
         Debug.win32\CCDevice.obj
         Debug.win32\CCFileUtilsWin32.obj
         Debug.win32\CCStdC.obj
         Debug.win32\CCBatchCommand.obj
         Debug.win32\CCCustomCommand.obj
         Debug.win32\CCFrustum.obj
         Debug.win32\CCGroupCommand.obj
         Debug.win32\CCMaterialManager.obj
         Debug.win32\CCQuadCommand.obj
         Debug.win32\CCRenderCommand.obj
         Debug.win32\CCRenderer.obj
         Debug.win32\CCRenderMaterial.obj
         Debug.win32\TGAlib.obj
         Debug.win32\TransformUtils.obj
         Debug.win32\ZipUtils.obj
         cocos2d.vcxproj -> F:\git_MyProject\cocos\OurProject\proj.win32\Debug.win32\libcocos2d.lib
     1>已完成生成项目“F:\git_MyProject\cocos\OurProject\cocos2d\cocos\2d\cocos2d.vcxproj”(Build 个目标)的操作。

生成成功。

已用时间 00:02:04.47
